<?xml version="1.0" encoding="UTF-8"?>
<testsuite name="inhatc.spring.shopjin.repository.ItemRepositoryTest" tests="1" skipped="0" failures="0" errors="0" timestamp="2023-09-25T02:53:28" hostname="DESKTOP-L4NA797" time="1.197">
  <properties/>
  <testcase name="queryDsl 테스트" classname="inhatc.spring.shopjin.repository.ItemRepositoryTest" time="1.197"/>
  <system-out><![CDATA[11:53:21.112 [Test worker] INFO org.springframework.test.context.support.AnnotationConfigContextLoaderUtils -- Could not detect default configuration classes for test class [inhatc.spring.shopjin.repository.ItemRepositoryTest]: ItemRepositoryTest does not declare any static, non-private, non-final, nested classes annotated with @Configuration.
11:53:21.325 [Test worker] INFO org.springframework.boot.test.context.SpringBootTestContextBootstrapper -- Found @SpringBootConfiguration inhatc.spring.shopjin.ShopJinApplication for test class inhatc.spring.shopjin.repository.ItemRepositoryTest

  .   ____          _            __ _ _
 /\\ / ___'_ __ _ _(_)_ __  __ _ \ \ \ \
( ( )\___ | '_ | '_| | '_ \/ _` | \ \ \ \
 \\/  ___)| |_)| | | | | || (_| |  ) ) ) )
  '  |____| .__|_| |_|_| |_\__, | / / / /
 =========|_|==============|___/=/_/_/_/
 :: Spring Boot ::                (v3.1.4)

2023-09-25T11:53:22.070+09:00  INFO 18612 --- [    Test worker] i.s.s.repository.ItemRepositoryTest      : Starting ItemRepositoryTest using Java 17.0.2 with PID 18612 (started by kji99 in C:\B_Ban\shop-jin)
2023-09-25T11:53:22.073+09:00  INFO 18612 --- [    Test worker] i.s.s.repository.ItemRepositoryTest      : No active profile set, falling back to 1 default profile: "default"
2023-09-25T11:53:23.107+09:00  INFO 18612 --- [    Test worker] .s.d.r.c.RepositoryConfigurationDelegate : Bootstrapping Spring Data JPA repositories in DEFAULT mode.
2023-09-25T11:53:23.198+09:00  INFO 18612 --- [    Test worker] .s.d.r.c.RepositoryConfigurationDelegate : Finished Spring Data repository scanning in 77 ms. Found 1 JPA repository interfaces.
2023-09-25T11:53:23.932+09:00  INFO 18612 --- [    Test worker] o.hibernate.jpa.internal.util.LogHelper  : HHH000204: Processing PersistenceUnitInfo [name: default]
2023-09-25T11:53:24.020+09:00  INFO 18612 --- [    Test worker] org.hibernate.Version                    : HHH000412: Hibernate ORM core version 6.2.9.Final
2023-09-25T11:53:24.024+09:00  INFO 18612 --- [    Test worker] org.hibernate.cfg.Environment            : HHH000406: Using bytecode reflection optimizer
2023-09-25T11:53:24.267+09:00  INFO 18612 --- [    Test worker] o.h.b.i.BytecodeProviderInitiator        : HHH000021: Bytecode provider name : bytebuddy
2023-09-25T11:53:24.558+09:00  INFO 18612 --- [    Test worker] o.s.o.j.p.SpringPersistenceUnitInfo      : No LoadTimeWeaver setup: ignoring JPA class transformer
2023-09-25T11:53:24.586+09:00  INFO 18612 --- [    Test worker] com.zaxxer.hikari.HikariDataSource       : HikariPool-1 - Starting...
2023-09-25T11:53:24.830+09:00  INFO 18612 --- [    Test worker] com.zaxxer.hikari.pool.HikariPool        : HikariPool-1 - Added connection com.mysql.cj.jdbc.ConnectionImpl@32e697ac
2023-09-25T11:53:24.833+09:00  INFO 18612 --- [    Test worker] com.zaxxer.hikari.HikariDataSource       : HikariPool-1 - Start completed.
2023-09-25T11:53:24.906+09:00  WARN 18612 --- [    Test worker] org.hibernate.orm.deprecation            : HHH90000026: MySQL8Dialect has been deprecated; use org.hibernate.dialect.MySQLDialect instead
2023-09-25T11:53:25.334+09:00  INFO 18612 --- [    Test worker] o.h.b.i.BytecodeProviderInitiator        : HHH000021: Bytecode provider name : bytebuddy
2023-09-25T11:53:26.295+09:00  INFO 18612 --- [    Test worker] o.h.e.t.j.p.i.JtaPlatformInitiator       : HHH000490: Using JtaPlatform implementation: [org.hibernate.engine.transaction.jta.platform.internal.NoJtaPlatform]
Hibernate: 
    drop table if exists item
Hibernate: 
    drop table if exists user
Hibernate: 
    create table item (
        price integer not null,
        stock_number integer not null,
        item_id bigint not null auto_increment,
        reg_time datetime(6),
        update_time datetime(6),
        item_nm varchar(50) not null,
        item_sell_status enum ('SELL','SOLD_OUT'),
        item_detail tinytext not null,
        primary key (item_id)
    ) engine=InnoDB
Hibernate: 
    create table user (
        age integer not null,
        user_id bigint not null auto_increment,
        name varchar(30),
        primary key (user_id)
    ) engine=InnoDB
2023-09-25T11:53:26.429+09:00  INFO 18612 --- [    Test worker] j.LocalContainerEntityManagerFactoryBean : Initialized JPA EntityManagerFactory for persistence unit 'default'
2023-09-25T11:53:27.507+09:00  INFO 18612 --- [    Test worker] o.s.d.j.r.query.QueryEnhancerFactory     : Hibernate is in classpath; If applicable, HQL parser will be used.
2023-09-25T11:53:28.496+09:00  INFO 18612 --- [    Test worker] i.s.s.repository.ItemRepositoryTest      : Started ItemRepositoryTest in 6.879 seconds (process running for 8.955)
Hibernate: 
    insert 
    into
        item
        (item_detail,item_nm,item_sell_status,price,reg_time,stock_number,update_time) 
    values
        (?,?,?,?,?,?,?)
Hibernate: 
    insert 
    into
        item
        (item_detail,item_nm,item_sell_status,price,reg_time,stock_number,update_time) 
    values
        (?,?,?,?,?,?,?)
Hibernate: 
    insert 
    into
        item
        (item_detail,item_nm,item_sell_status,price,reg_time,stock_number,update_time) 
    values
        (?,?,?,?,?,?,?)
Hibernate: 
    insert 
    into
        item
        (item_detail,item_nm,item_sell_status,price,reg_time,stock_number,update_time) 
    values
        (?,?,?,?,?,?,?)
Hibernate: 
    insert 
    into
        item
        (item_detail,item_nm,item_sell_status,price,reg_time,stock_number,update_time) 
    values
        (?,?,?,?,?,?,?)
Hibernate: 
    insert 
    into
        item
        (item_detail,item_nm,item_sell_status,price,reg_time,stock_number,update_time) 
    values
        (?,?,?,?,?,?,?)
Hibernate: 
    insert 
    into
        item
        (item_detail,item_nm,item_sell_status,price,reg_time,stock_number,update_time) 
    values
        (?,?,?,?,?,?,?)
Hibernate: 
    insert 
    into
        item
        (item_detail,item_nm,item_sell_status,price,reg_time,stock_number,update_time) 
    values
        (?,?,?,?,?,?,?)
Hibernate: 
    insert 
    into
        item
        (item_detail,item_nm,item_sell_status,price,reg_time,stock_number,update_time) 
    values
        (?,?,?,?,?,?,?)
Hibernate: 
    insert 
    into
        item
        (item_detail,item_nm,item_sell_status,price,reg_time,stock_number,update_time) 
    values
        (?,?,?,?,?,?,?)
Hibernate: 
    select
        i1_0.item_id,
        i1_0.item_detail,
        i1_0.item_nm,
        i1_0.item_sell_status,
        i1_0.price,
        i1_0.reg_time,
        i1_0.stock_number,
        i1_0.update_time 
    from
        item i1_0 
    where
        i1_0.item_sell_status=? 
        and i1_0.item_detail like ? escape '!' 
    order by
        i1_0.price desc
Item(id=10, itemNm=테스트 상품10, price=10010, stockNumber=110, itemDetail=테스트 상품 상세 설명10, itemSellStatus=SELL, regTime=2023-09-25T11:53:29.393772, updateTime=2023-09-25T11:53:29.393772)
Item(id=1, itemNm=테스트 상품1, price=10001, stockNumber=101, itemDetail=테스트 상품 상세 설명1, itemSellStatus=SELL, regTime=2023-09-25T11:53:29.204533, updateTime=2023-09-25T11:53:29.204533)
]]></system-out>
  <system-err><![CDATA[]]></system-err>
</testsuite>
