<?xml version="1.0" encoding="UTF-8"?>
<testsuite name="inhatc.spring.shopjin.repository.ItemRepositoryTest" tests="1" skipped="0" failures="0" errors="0" timestamp="2023-09-25T02:15:19" hostname="DESKTOP-L4NA797" time="1.109">
  <properties/>
  <testcase name="Native 테스트" classname="inhatc.spring.shopjin.repository.ItemRepositoryTest" time="1.109"/>
  <system-out><![CDATA[11:15:11.852 [Test worker] INFO org.springframework.test.context.support.AnnotationConfigContextLoaderUtils -- Could not detect default configuration classes for test class [inhatc.spring.shopjin.repository.ItemRepositoryTest]: ItemRepositoryTest does not declare any static, non-private, non-final, nested classes annotated with @Configuration.
11:15:12.086 [Test worker] INFO org.springframework.boot.test.context.SpringBootTestContextBootstrapper -- Found @SpringBootConfiguration inhatc.spring.shopjin.ShopJinApplication for test class inhatc.spring.shopjin.repository.ItemRepositoryTest

  .   ____          _            __ _ _
 /\\ / ___'_ __ _ _(_)_ __  __ _ \ \ \ \
( ( )\___ | '_ | '_| | '_ \/ _` | \ \ \ \
 \\/  ___)| |_)| | | | | || (_| |  ) ) ) )
  '  |____| .__|_| |_|_| |_\__, | / / / /
 =========|_|==============|___/=/_/_/_/
 :: Spring Boot ::                (v3.1.4)

2023-09-25T11:15:13.014+09:00  INFO 22624 --- [    Test worker] i.s.s.repository.ItemRepositoryTest      : Starting ItemRepositoryTest using Java 17.0.2 with PID 22624 (started by kji99 in C:\B_Ban\shop-jin)
2023-09-25T11:15:13.017+09:00  INFO 22624 --- [    Test worker] i.s.s.repository.ItemRepositoryTest      : No active profile set, falling back to 1 default profile: "default"
2023-09-25T11:15:14.071+09:00  INFO 22624 --- [    Test worker] .s.d.r.c.RepositoryConfigurationDelegate : Bootstrapping Spring Data JPA repositories in DEFAULT mode.
2023-09-25T11:15:14.176+09:00  INFO 22624 --- [    Test worker] .s.d.r.c.RepositoryConfigurationDelegate : Finished Spring Data repository scanning in 89 ms. Found 1 JPA repository interfaces.
2023-09-25T11:15:14.846+09:00  INFO 22624 --- [    Test worker] o.hibernate.jpa.internal.util.LogHelper  : HHH000204: Processing PersistenceUnitInfo [name: default]
2023-09-25T11:15:14.943+09:00  INFO 22624 --- [    Test worker] org.hibernate.Version                    : HHH000412: Hibernate ORM core version 6.2.9.Final
2023-09-25T11:15:14.948+09:00  INFO 22624 --- [    Test worker] org.hibernate.cfg.Environment            : HHH000406: Using bytecode reflection optimizer
2023-09-25T11:15:15.192+09:00  INFO 22624 --- [    Test worker] o.h.b.i.BytecodeProviderInitiator        : HHH000021: Bytecode provider name : bytebuddy
2023-09-25T11:15:15.460+09:00  INFO 22624 --- [    Test worker] o.s.o.j.p.SpringPersistenceUnitInfo      : No LoadTimeWeaver setup: ignoring JPA class transformer
2023-09-25T11:15:15.488+09:00  INFO 22624 --- [    Test worker] com.zaxxer.hikari.HikariDataSource       : HikariPool-1 - Starting...
2023-09-25T11:15:15.759+09:00  INFO 22624 --- [    Test worker] com.zaxxer.hikari.pool.HikariPool        : HikariPool-1 - Added connection com.mysql.cj.jdbc.ConnectionImpl@57416e49
2023-09-25T11:15:15.762+09:00  INFO 22624 --- [    Test worker] com.zaxxer.hikari.HikariDataSource       : HikariPool-1 - Start completed.
2023-09-25T11:15:15.832+09:00  WARN 22624 --- [    Test worker] org.hibernate.orm.deprecation            : HHH90000026: MySQL8Dialect has been deprecated; use org.hibernate.dialect.MySQLDialect instead
2023-09-25T11:15:16.204+09:00  INFO 22624 --- [    Test worker] o.h.b.i.BytecodeProviderInitiator        : HHH000021: Bytecode provider name : bytebuddy
2023-09-25T11:15:17.231+09:00  INFO 22624 --- [    Test worker] o.h.e.t.j.p.i.JtaPlatformInitiator       : HHH000490: Using JtaPlatform implementation: [org.hibernate.engine.transaction.jta.platform.internal.NoJtaPlatform]
Hibernate: 
    drop table if exists item
Hibernate: 
    drop table if exists user
Hibernate: 
    create table item (
        price integer not null,
        stock_number integer not null,
        item_id bigint not null auto_increment,
        reg_time datetime(6),
        update_time datetime(6),
        item_nm varchar(50) not null,
        item_sell_status enum ('SELL','SOLD_OUT'),
        item_detail tinytext not null,
        primary key (item_id)
    ) engine=InnoDB
Hibernate: 
    create table user (
        age integer not null,
        user_id bigint not null auto_increment,
        name varchar(30),
        primary key (user_id)
    ) engine=InnoDB
2023-09-25T11:15:17.370+09:00  INFO 22624 --- [    Test worker] j.LocalContainerEntityManagerFactoryBean : Initialized JPA EntityManagerFactory for persistence unit 'default'
2023-09-25T11:15:18.628+09:00  INFO 22624 --- [    Test worker] o.s.d.j.r.query.QueryEnhancerFactory     : Hibernate is in classpath; If applicable, HQL parser will be used.
2023-09-25T11:15:19.273+09:00  INFO 22624 --- [    Test worker] i.s.s.repository.ItemRepositoryTest      : Started ItemRepositoryTest in 6.833 seconds (process running for 9.47)
Hibernate: 
    insert 
    into
        item
        (item_detail,item_nm,item_sell_status,price,reg_time,stock_number,update_time) 
    values
        (?,?,?,?,?,?,?)
Hibernate: 
    insert 
    into
        item
        (item_detail,item_nm,item_sell_status,price,reg_time,stock_number,update_time) 
    values
        (?,?,?,?,?,?,?)
Hibernate: 
    insert 
    into
        item
        (item_detail,item_nm,item_sell_status,price,reg_time,stock_number,update_time) 
    values
        (?,?,?,?,?,?,?)
Hibernate: 
    insert 
    into
        item
        (item_detail,item_nm,item_sell_status,price,reg_time,stock_number,update_time) 
    values
        (?,?,?,?,?,?,?)
Hibernate: 
    insert 
    into
        item
        (item_detail,item_nm,item_sell_status,price,reg_time,stock_number,update_time) 
    values
        (?,?,?,?,?,?,?)
Hibernate: 
    insert 
    into
        item
        (item_detail,item_nm,item_sell_status,price,reg_time,stock_number,update_time) 
    values
        (?,?,?,?,?,?,?)
Hibernate: 
    insert 
    into
        item
        (item_detail,item_nm,item_sell_status,price,reg_time,stock_number,update_time) 
    values
        (?,?,?,?,?,?,?)
Hibernate: 
    insert 
    into
        item
        (item_detail,item_nm,item_sell_status,price,reg_time,stock_number,update_time) 
    values
        (?,?,?,?,?,?,?)
Hibernate: 
    insert 
    into
        item
        (item_detail,item_nm,item_sell_status,price,reg_time,stock_number,update_time) 
    values
        (?,?,?,?,?,?,?)
Hibernate: 
    insert 
    into
        item
        (item_detail,item_nm,item_sell_status,price,reg_time,stock_number,update_time) 
    values
        (?,?,?,?,?,?,?)
Hibernate: 
    select
        * 
    from
        item i 
    where
        i.item_detail like ? 
    order by
        i.price asc
Item(id=1, itemNm=테스트 상품1, price=10001, stockNumber=101, itemDetail=테스트 상품 상세 설명1, itemSellStatus=SELL, regTime=2023-09-25T11:15:20.041802, updateTime=2023-09-25T11:15:20.041802)
Item(id=10, itemNm=테스트 상품10, price=10010, stockNumber=110, itemDetail=테스트 상품 상세 설명10, itemSellStatus=SELL, regTime=2023-09-25T11:15:20.234508, updateTime=2023-09-25T11:15:20.234508)
]]></system-out>
  <system-err><![CDATA[]]></system-err>
</testsuite>
