<?xml version="1.0" encoding="UTF-8"?>
<testsuite name="inhatc.spring.shopjin.repository.ItemRepositoryTest" tests="1" skipped="0" failures="0" errors="0" timestamp="2023-09-25T03:45:44" hostname="DESKTOP-L4NA797" time="1.638">
  <properties/>
  <testcase name="과제 queryDsl(재고, 이름으로 검색)" classname="inhatc.spring.shopjin.repository.ItemRepositoryTest" time="1.638"/>
  <system-out><![CDATA[12:45:37.515 [Test worker] INFO org.springframework.test.context.support.AnnotationConfigContextLoaderUtils -- Could not detect default configuration classes for test class [inhatc.spring.shopjin.repository.ItemRepositoryTest]: ItemRepositoryTest does not declare any static, non-private, non-final, nested classes annotated with @Configuration.
12:45:37.767 [Test worker] INFO org.springframework.boot.test.context.SpringBootTestContextBootstrapper -- Found @SpringBootConfiguration inhatc.spring.shopjin.ShopJinApplication for test class inhatc.spring.shopjin.repository.ItemRepositoryTest

  .   ____          _            __ _ _
 /\\ / ___'_ __ _ _(_)_ __  __ _ \ \ \ \
( ( )\___ | '_ | '_| | '_ \/ _` | \ \ \ \
 \\/  ___)| |_)| | | | | || (_| |  ) ) ) )
  '  |____| .__|_| |_|_| |_\__, | / / / /
 =========|_|==============|___/=/_/_/_/
 :: Spring Boot ::                (v3.1.4)

2023-09-25T12:45:38.672+09:00  INFO 25108 --- [    Test worker] i.s.s.repository.ItemRepositoryTest      : Starting ItemRepositoryTest using Java 17.0.2 with PID 25108 (started by kji99 in C:\B_Ban\shop-jin)
2023-09-25T12:45:38.675+09:00  INFO 25108 --- [    Test worker] i.s.s.repository.ItemRepositoryTest      : No active profile set, falling back to 1 default profile: "default"
2023-09-25T12:45:39.729+09:00  INFO 25108 --- [    Test worker] .s.d.r.c.RepositoryConfigurationDelegate : Bootstrapping Spring Data JPA repositories in DEFAULT mode.
2023-09-25T12:45:39.817+09:00  INFO 25108 --- [    Test worker] .s.d.r.c.RepositoryConfigurationDelegate : Finished Spring Data repository scanning in 73 ms. Found 1 JPA repository interfaces.
2023-09-25T12:45:40.516+09:00  INFO 25108 --- [    Test worker] o.hibernate.jpa.internal.util.LogHelper  : HHH000204: Processing PersistenceUnitInfo [name: default]
2023-09-25T12:45:40.615+09:00  INFO 25108 --- [    Test worker] org.hibernate.Version                    : HHH000412: Hibernate ORM core version 6.2.9.Final
2023-09-25T12:45:40.621+09:00  INFO 25108 --- [    Test worker] org.hibernate.cfg.Environment            : HHH000406: Using bytecode reflection optimizer
2023-09-25T12:45:40.870+09:00  INFO 25108 --- [    Test worker] o.h.b.i.BytecodeProviderInitiator        : HHH000021: Bytecode provider name : bytebuddy
2023-09-25T12:45:41.139+09:00  INFO 25108 --- [    Test worker] o.s.o.j.p.SpringPersistenceUnitInfo      : No LoadTimeWeaver setup: ignoring JPA class transformer
2023-09-25T12:45:41.169+09:00  INFO 25108 --- [    Test worker] com.zaxxer.hikari.HikariDataSource       : HikariPool-1 - Starting...
2023-09-25T12:45:41.447+09:00  INFO 25108 --- [    Test worker] com.zaxxer.hikari.pool.HikariPool        : HikariPool-1 - Added connection com.mysql.cj.jdbc.ConnectionImpl@78128dd0
2023-09-25T12:45:41.451+09:00  INFO 25108 --- [    Test worker] com.zaxxer.hikari.HikariDataSource       : HikariPool-1 - Start completed.
2023-09-25T12:45:41.513+09:00  WARN 25108 --- [    Test worker] org.hibernate.orm.deprecation            : HHH90000026: MySQL8Dialect has been deprecated; use org.hibernate.dialect.MySQLDialect instead
2023-09-25T12:45:41.849+09:00  INFO 25108 --- [    Test worker] o.h.b.i.BytecodeProviderInitiator        : HHH000021: Bytecode provider name : bytebuddy
2023-09-25T12:45:42.772+09:00  INFO 25108 --- [    Test worker] o.h.e.t.j.p.i.JtaPlatformInitiator       : HHH000490: Using JtaPlatform implementation: [org.hibernate.engine.transaction.jta.platform.internal.NoJtaPlatform]
Hibernate: 
    drop table if exists item
Hibernate: 
    drop table if exists user
Hibernate: 
    create table item (
        price integer not null,
        stock_number integer not null,
        item_id bigint not null auto_increment,
        reg_time datetime(6),
        update_time datetime(6),
        item_nm varchar(50) not null,
        item_sell_status enum ('SELL','SOLD_OUT'),
        item_detail tinytext not null,
        primary key (item_id)
    ) engine=InnoDB
Hibernate: 
    create table user (
        age integer not null,
        user_id bigint not null auto_increment,
        name varchar(30),
        primary key (user_id)
    ) engine=InnoDB
2023-09-25T12:45:42.860+09:00  INFO 25108 --- [    Test worker] j.LocalContainerEntityManagerFactoryBean : Initialized JPA EntityManagerFactory for persistence unit 'default'
2023-09-25T12:45:43.855+09:00  INFO 25108 --- [    Test worker] o.s.d.j.r.query.QueryEnhancerFactory     : Hibernate is in classpath; If applicable, HQL parser will be used.
2023-09-25T12:45:44.821+09:00  INFO 25108 --- [    Test worker] i.s.s.repository.ItemRepositoryTest      : Started ItemRepositoryTest in 6.7 seconds (process running for 9.418)
Hibernate: 
    insert 
    into
        item
        (item_detail,item_nm,item_sell_status,price,reg_time,stock_number,update_time) 
    values
        (?,?,?,?,?,?,?)
Hibernate: 
    insert 
    into
        item
        (item_detail,item_nm,item_sell_status,price,reg_time,stock_number,update_time) 
    values
        (?,?,?,?,?,?,?)
Hibernate: 
    insert 
    into
        item
        (item_detail,item_nm,item_sell_status,price,reg_time,stock_number,update_time) 
    values
        (?,?,?,?,?,?,?)
Hibernate: 
    insert 
    into
        item
        (item_detail,item_nm,item_sell_status,price,reg_time,stock_number,update_time) 
    values
        (?,?,?,?,?,?,?)
Hibernate: 
    insert 
    into
        item
        (item_detail,item_nm,item_sell_status,price,reg_time,stock_number,update_time) 
    values
        (?,?,?,?,?,?,?)
Hibernate: 
    insert 
    into
        item
        (item_detail,item_nm,item_sell_status,price,reg_time,stock_number,update_time) 
    values
        (?,?,?,?,?,?,?)
Hibernate: 
    insert 
    into
        item
        (item_detail,item_nm,item_sell_status,price,reg_time,stock_number,update_time) 
    values
        (?,?,?,?,?,?,?)
Hibernate: 
    insert 
    into
        item
        (item_detail,item_nm,item_sell_status,price,reg_time,stock_number,update_time) 
    values
        (?,?,?,?,?,?,?)
Hibernate: 
    insert 
    into
        item
        (item_detail,item_nm,item_sell_status,price,reg_time,stock_number,update_time) 
    values
        (?,?,?,?,?,?,?)
Hibernate: 
    insert 
    into
        item
        (item_detail,item_nm,item_sell_status,price,reg_time,stock_number,update_time) 
    values
        (?,?,?,?,?,?,?)
Hibernate: 
    insert 
    into
        item
        (item_detail,item_nm,item_sell_status,price,reg_time,stock_number,update_time) 
    values
        (?,?,?,?,?,?,?)
Hibernate: 
    insert 
    into
        item
        (item_detail,item_nm,item_sell_status,price,reg_time,stock_number,update_time) 
    values
        (?,?,?,?,?,?,?)
Hibernate: 
    insert 
    into
        item
        (item_detail,item_nm,item_sell_status,price,reg_time,stock_number,update_time) 
    values
        (?,?,?,?,?,?,?)
Hibernate: 
    insert 
    into
        item
        (item_detail,item_nm,item_sell_status,price,reg_time,stock_number,update_time) 
    values
        (?,?,?,?,?,?,?)
Hibernate: 
    insert 
    into
        item
        (item_detail,item_nm,item_sell_status,price,reg_time,stock_number,update_time) 
    values
        (?,?,?,?,?,?,?)
Hibernate: 
    insert 
    into
        item
        (item_detail,item_nm,item_sell_status,price,reg_time,stock_number,update_time) 
    values
        (?,?,?,?,?,?,?)
Hibernate: 
    insert 
    into
        item
        (item_detail,item_nm,item_sell_status,price,reg_time,stock_number,update_time) 
    values
        (?,?,?,?,?,?,?)
Hibernate: 
    insert 
    into
        item
        (item_detail,item_nm,item_sell_status,price,reg_time,stock_number,update_time) 
    values
        (?,?,?,?,?,?,?)
Hibernate: 
    insert 
    into
        item
        (item_detail,item_nm,item_sell_status,price,reg_time,stock_number,update_time) 
    values
        (?,?,?,?,?,?,?)
Hibernate: 
    insert 
    into
        item
        (item_detail,item_nm,item_sell_status,price,reg_time,stock_number,update_time) 
    values
        (?,?,?,?,?,?,?)
Hibernate: 
    insert 
    into
        item
        (item_detail,item_nm,item_sell_status,price,reg_time,stock_number,update_time) 
    values
        (?,?,?,?,?,?,?)
Hibernate: 
    insert 
    into
        item
        (item_detail,item_nm,item_sell_status,price,reg_time,stock_number,update_time) 
    values
        (?,?,?,?,?,?,?)
Hibernate: 
    insert 
    into
        item
        (item_detail,item_nm,item_sell_status,price,reg_time,stock_number,update_time) 
    values
        (?,?,?,?,?,?,?)
Hibernate: 
    insert 
    into
        item
        (item_detail,item_nm,item_sell_status,price,reg_time,stock_number,update_time) 
    values
        (?,?,?,?,?,?,?)
Hibernate: 
    insert 
    into
        item
        (item_detail,item_nm,item_sell_status,price,reg_time,stock_number,update_time) 
    values
        (?,?,?,?,?,?,?)
Hibernate: 
    insert 
    into
        item
        (item_detail,item_nm,item_sell_status,price,reg_time,stock_number,update_time) 
    values
        (?,?,?,?,?,?,?)
Hibernate: 
    insert 
    into
        item
        (item_detail,item_nm,item_sell_status,price,reg_time,stock_number,update_time) 
    values
        (?,?,?,?,?,?,?)
Hibernate: 
    insert 
    into
        item
        (item_detail,item_nm,item_sell_status,price,reg_time,stock_number,update_time) 
    values
        (?,?,?,?,?,?,?)
Hibernate: 
    insert 
    into
        item
        (item_detail,item_nm,item_sell_status,price,reg_time,stock_number,update_time) 
    values
        (?,?,?,?,?,?,?)
Hibernate: 
    insert 
    into
        item
        (item_detail,item_nm,item_sell_status,price,reg_time,stock_number,update_time) 
    values
        (?,?,?,?,?,?,?)
Hibernate: 
    insert 
    into
        item
        (item_detail,item_nm,item_sell_status,price,reg_time,stock_number,update_time) 
    values
        (?,?,?,?,?,?,?)
Hibernate: 
    insert 
    into
        item
        (item_detail,item_nm,item_sell_status,price,reg_time,stock_number,update_time) 
    values
        (?,?,?,?,?,?,?)
Hibernate: 
    insert 
    into
        item
        (item_detail,item_nm,item_sell_status,price,reg_time,stock_number,update_time) 
    values
        (?,?,?,?,?,?,?)
Hibernate: 
    insert 
    into
        item
        (item_detail,item_nm,item_sell_status,price,reg_time,stock_number,update_time) 
    values
        (?,?,?,?,?,?,?)
Hibernate: 
    insert 
    into
        item
        (item_detail,item_nm,item_sell_status,price,reg_time,stock_number,update_time) 
    values
        (?,?,?,?,?,?,?)
Hibernate: 
    insert 
    into
        item
        (item_detail,item_nm,item_sell_status,price,reg_time,stock_number,update_time) 
    values
        (?,?,?,?,?,?,?)
Hibernate: 
    insert 
    into
        item
        (item_detail,item_nm,item_sell_status,price,reg_time,stock_number,update_time) 
    values
        (?,?,?,?,?,?,?)
Hibernate: 
    insert 
    into
        item
        (item_detail,item_nm,item_sell_status,price,reg_time,stock_number,update_time) 
    values
        (?,?,?,?,?,?,?)
Hibernate: 
    insert 
    into
        item
        (item_detail,item_nm,item_sell_status,price,reg_time,stock_number,update_time) 
    values
        (?,?,?,?,?,?,?)
Hibernate: 
    insert 
    into
        item
        (item_detail,item_nm,item_sell_status,price,reg_time,stock_number,update_time) 
    values
        (?,?,?,?,?,?,?)
Hibernate: 
    insert 
    into
        item
        (item_detail,item_nm,item_sell_status,price,reg_time,stock_number,update_time) 
    values
        (?,?,?,?,?,?,?)
Hibernate: 
    insert 
    into
        item
        (item_detail,item_nm,item_sell_status,price,reg_time,stock_number,update_time) 
    values
        (?,?,?,?,?,?,?)
Hibernate: 
    insert 
    into
        item
        (item_detail,item_nm,item_sell_status,price,reg_time,stock_number,update_time) 
    values
        (?,?,?,?,?,?,?)
Hibernate: 
    insert 
    into
        item
        (item_detail,item_nm,item_sell_status,price,reg_time,stock_number,update_time) 
    values
        (?,?,?,?,?,?,?)
Hibernate: 
    insert 
    into
        item
        (item_detail,item_nm,item_sell_status,price,reg_time,stock_number,update_time) 
    values
        (?,?,?,?,?,?,?)
Hibernate: 
    insert 
    into
        item
        (item_detail,item_nm,item_sell_status,price,reg_time,stock_number,update_time) 
    values
        (?,?,?,?,?,?,?)
Hibernate: 
    insert 
    into
        item
        (item_detail,item_nm,item_sell_status,price,reg_time,stock_number,update_time) 
    values
        (?,?,?,?,?,?,?)
Hibernate: 
    insert 
    into
        item
        (item_detail,item_nm,item_sell_status,price,reg_time,stock_number,update_time) 
    values
        (?,?,?,?,?,?,?)
Hibernate: 
    insert 
    into
        item
        (item_detail,item_nm,item_sell_status,price,reg_time,stock_number,update_time) 
    values
        (?,?,?,?,?,?,?)
Hibernate: 
    insert 
    into
        item
        (item_detail,item_nm,item_sell_status,price,reg_time,stock_number,update_time) 
    values
        (?,?,?,?,?,?,?)
Hibernate: 
    insert 
    into
        item
        (item_detail,item_nm,item_sell_status,price,reg_time,stock_number,update_time) 
    values
        (?,?,?,?,?,?,?)
Hibernate: 
    insert 
    into
        item
        (item_detail,item_nm,item_sell_status,price,reg_time,stock_number,update_time) 
    values
        (?,?,?,?,?,?,?)
Hibernate: 
    insert 
    into
        item
        (item_detail,item_nm,item_sell_status,price,reg_time,stock_number,update_time) 
    values
        (?,?,?,?,?,?,?)
Hibernate: 
    insert 
    into
        item
        (item_detail,item_nm,item_sell_status,price,reg_time,stock_number,update_time) 
    values
        (?,?,?,?,?,?,?)
Hibernate: 
    insert 
    into
        item
        (item_detail,item_nm,item_sell_status,price,reg_time,stock_number,update_time) 
    values
        (?,?,?,?,?,?,?)
Hibernate: 
    insert 
    into
        item
        (item_detail,item_nm,item_sell_status,price,reg_time,stock_number,update_time) 
    values
        (?,?,?,?,?,?,?)
Hibernate: 
    insert 
    into
        item
        (item_detail,item_nm,item_sell_status,price,reg_time,stock_number,update_time) 
    values
        (?,?,?,?,?,?,?)
Hibernate: 
    insert 
    into
        item
        (item_detail,item_nm,item_sell_status,price,reg_time,stock_number,update_time) 
    values
        (?,?,?,?,?,?,?)
Hibernate: 
    insert 
    into
        item
        (item_detail,item_nm,item_sell_status,price,reg_time,stock_number,update_time) 
    values
        (?,?,?,?,?,?,?)
Hibernate: 
    insert 
    into
        item
        (item_detail,item_nm,item_sell_status,price,reg_time,stock_number,update_time) 
    values
        (?,?,?,?,?,?,?)
Hibernate: 
    insert 
    into
        item
        (item_detail,item_nm,item_sell_status,price,reg_time,stock_number,update_time) 
    values
        (?,?,?,?,?,?,?)
Hibernate: 
    insert 
    into
        item
        (item_detail,item_nm,item_sell_status,price,reg_time,stock_number,update_time) 
    values
        (?,?,?,?,?,?,?)
Hibernate: 
    insert 
    into
        item
        (item_detail,item_nm,item_sell_status,price,reg_time,stock_number,update_time) 
    values
        (?,?,?,?,?,?,?)
Hibernate: 
    insert 
    into
        item
        (item_detail,item_nm,item_sell_status,price,reg_time,stock_number,update_time) 
    values
        (?,?,?,?,?,?,?)
Hibernate: 
    insert 
    into
        item
        (item_detail,item_nm,item_sell_status,price,reg_time,stock_number,update_time) 
    values
        (?,?,?,?,?,?,?)
Hibernate: 
    insert 
    into
        item
        (item_detail,item_nm,item_sell_status,price,reg_time,stock_number,update_time) 
    values
        (?,?,?,?,?,?,?)
Hibernate: 
    insert 
    into
        item
        (item_detail,item_nm,item_sell_status,price,reg_time,stock_number,update_time) 
    values
        (?,?,?,?,?,?,?)
Hibernate: 
    insert 
    into
        item
        (item_detail,item_nm,item_sell_status,price,reg_time,stock_number,update_time) 
    values
        (?,?,?,?,?,?,?)
Hibernate: 
    insert 
    into
        item
        (item_detail,item_nm,item_sell_status,price,reg_time,stock_number,update_time) 
    values
        (?,?,?,?,?,?,?)
Hibernate: 
    insert 
    into
        item
        (item_detail,item_nm,item_sell_status,price,reg_time,stock_number,update_time) 
    values
        (?,?,?,?,?,?,?)
Hibernate: 
    insert 
    into
        item
        (item_detail,item_nm,item_sell_status,price,reg_time,stock_number,update_time) 
    values
        (?,?,?,?,?,?,?)
Hibernate: 
    insert 
    into
        item
        (item_detail,item_nm,item_sell_status,price,reg_time,stock_number,update_time) 
    values
        (?,?,?,?,?,?,?)
Hibernate: 
    insert 
    into
        item
        (item_detail,item_nm,item_sell_status,price,reg_time,stock_number,update_time) 
    values
        (?,?,?,?,?,?,?)
Hibernate: 
    insert 
    into
        item
        (item_detail,item_nm,item_sell_status,price,reg_time,stock_number,update_time) 
    values
        (?,?,?,?,?,?,?)
Hibernate: 
    insert 
    into
        item
        (item_detail,item_nm,item_sell_status,price,reg_time,stock_number,update_time) 
    values
        (?,?,?,?,?,?,?)
Hibernate: 
    insert 
    into
        item
        (item_detail,item_nm,item_sell_status,price,reg_time,stock_number,update_time) 
    values
        (?,?,?,?,?,?,?)
Hibernate: 
    insert 
    into
        item
        (item_detail,item_nm,item_sell_status,price,reg_time,stock_number,update_time) 
    values
        (?,?,?,?,?,?,?)
Hibernate: 
    insert 
    into
        item
        (item_detail,item_nm,item_sell_status,price,reg_time,stock_number,update_time) 
    values
        (?,?,?,?,?,?,?)
Hibernate: 
    insert 
    into
        item
        (item_detail,item_nm,item_sell_status,price,reg_time,stock_number,update_time) 
    values
        (?,?,?,?,?,?,?)
Hibernate: 
    insert 
    into
        item
        (item_detail,item_nm,item_sell_status,price,reg_time,stock_number,update_time) 
    values
        (?,?,?,?,?,?,?)
Hibernate: 
    insert 
    into
        item
        (item_detail,item_nm,item_sell_status,price,reg_time,stock_number,update_time) 
    values
        (?,?,?,?,?,?,?)
Hibernate: 
    insert 
    into
        item
        (item_detail,item_nm,item_sell_status,price,reg_time,stock_number,update_time) 
    values
        (?,?,?,?,?,?,?)
Hibernate: 
    insert 
    into
        item
        (item_detail,item_nm,item_sell_status,price,reg_time,stock_number,update_time) 
    values
        (?,?,?,?,?,?,?)
Hibernate: 
    insert 
    into
        item
        (item_detail,item_nm,item_sell_status,price,reg_time,stock_number,update_time) 
    values
        (?,?,?,?,?,?,?)
Hibernate: 
    insert 
    into
        item
        (item_detail,item_nm,item_sell_status,price,reg_time,stock_number,update_time) 
    values
        (?,?,?,?,?,?,?)
Hibernate: 
    insert 
    into
        item
        (item_detail,item_nm,item_sell_status,price,reg_time,stock_number,update_time) 
    values
        (?,?,?,?,?,?,?)
Hibernate: 
    insert 
    into
        item
        (item_detail,item_nm,item_sell_status,price,reg_time,stock_number,update_time) 
    values
        (?,?,?,?,?,?,?)
Hibernate: 
    insert 
    into
        item
        (item_detail,item_nm,item_sell_status,price,reg_time,stock_number,update_time) 
    values
        (?,?,?,?,?,?,?)
Hibernate: 
    insert 
    into
        item
        (item_detail,item_nm,item_sell_status,price,reg_time,stock_number,update_time) 
    values
        (?,?,?,?,?,?,?)
Hibernate: 
    insert 
    into
        item
        (item_detail,item_nm,item_sell_status,price,reg_time,stock_number,update_time) 
    values
        (?,?,?,?,?,?,?)
Hibernate: 
    insert 
    into
        item
        (item_detail,item_nm,item_sell_status,price,reg_time,stock_number,update_time) 
    values
        (?,?,?,?,?,?,?)
Hibernate: 
    insert 
    into
        item
        (item_detail,item_nm,item_sell_status,price,reg_time,stock_number,update_time) 
    values
        (?,?,?,?,?,?,?)
Hibernate: 
    insert 
    into
        item
        (item_detail,item_nm,item_sell_status,price,reg_time,stock_number,update_time) 
    values
        (?,?,?,?,?,?,?)
Hibernate: 
    insert 
    into
        item
        (item_detail,item_nm,item_sell_status,price,reg_time,stock_number,update_time) 
    values
        (?,?,?,?,?,?,?)
Hibernate: 
    insert 
    into
        item
        (item_detail,item_nm,item_sell_status,price,reg_time,stock_number,update_time) 
    values
        (?,?,?,?,?,?,?)
Hibernate: 
    insert 
    into
        item
        (item_detail,item_nm,item_sell_status,price,reg_time,stock_number,update_time) 
    values
        (?,?,?,?,?,?,?)
Hibernate: 
    insert 
    into
        item
        (item_detail,item_nm,item_sell_status,price,reg_time,stock_number,update_time) 
    values
        (?,?,?,?,?,?,?)
Hibernate: 
    insert 
    into
        item
        (item_detail,item_nm,item_sell_status,price,reg_time,stock_number,update_time) 
    values
        (?,?,?,?,?,?,?)
Hibernate: 
    insert 
    into
        item
        (item_detail,item_nm,item_sell_status,price,reg_time,stock_number,update_time) 
    values
        (?,?,?,?,?,?,?)
Hibernate: 
    insert 
    into
        item
        (item_detail,item_nm,item_sell_status,price,reg_time,stock_number,update_time) 
    values
        (?,?,?,?,?,?,?)
Hibernate: 
    select
        i1_0.item_id,
        i1_0.item_detail,
        i1_0.item_nm,
        i1_0.item_sell_status,
        i1_0.price,
        i1_0.reg_time,
        i1_0.stock_number,
        i1_0.update_time 
    from
        item i1_0 
    where
        i1_0.stock_number>=? 
        and i1_0.item_nm like ? escape '!'
Item(id=58, itemNm=테스트 상품58, price=10058, stockNumber=158, itemDetail=테스트 상품 상세 설명58, itemSellStatus=SELL, regTime=2023-09-25T12:45:45.941071, updateTime=2023-09-25T12:45:45.941071)
Item(id=68, itemNm=테스트 상품68, price=10068, stockNumber=168, itemDetail=테스트 상품 상세 설명68, itemSellStatus=SELL, regTime=2023-09-25T12:45:46.005287, updateTime=2023-09-25T12:45:46.005287)
Item(id=78, itemNm=테스트 상품78, price=10078, stockNumber=178, itemDetail=테스트 상품 상세 설명78, itemSellStatus=SELL, regTime=2023-09-25T12:45:46.054925, updateTime=2023-09-25T12:45:46.054925)
Item(id=80, itemNm=테스트 상품80, price=10080, stockNumber=180, itemDetail=테스트 상품 상세 설명80, itemSellStatus=SELL, regTime=2023-09-25T12:45:46.063936, updateTime=2023-09-25T12:45:46.063936)
Item(id=81, itemNm=테스트 상품81, price=10081, stockNumber=181, itemDetail=테스트 상품 상세 설명81, itemSellStatus=SELL, regTime=2023-09-25T12:45:46.068927, updateTime=2023-09-25T12:45:46.068927)
Item(id=82, itemNm=테스트 상품82, price=10082, stockNumber=182, itemDetail=테스트 상품 상세 설명82, itemSellStatus=SELL, regTime=2023-09-25T12:45:46.072928, updateTime=2023-09-25T12:45:46.072928)
Item(id=83, itemNm=테스트 상품83, price=10083, stockNumber=183, itemDetail=테스트 상품 상세 설명83, itemSellStatus=SELL, regTime=2023-09-25T12:45:46.077922, updateTime=2023-09-25T12:45:46.077922)
Item(id=84, itemNm=테스트 상품84, price=10084, stockNumber=184, itemDetail=테스트 상품 상세 설명84, itemSellStatus=SELL, regTime=2023-09-25T12:45:46.082923, updateTime=2023-09-25T12:45:46.082923)
Item(id=85, itemNm=테스트 상품85, price=10085, stockNumber=185, itemDetail=테스트 상품 상세 설명85, itemSellStatus=SELL, regTime=2023-09-25T12:45:46.087916, updateTime=2023-09-25T12:45:46.087916)
Item(id=86, itemNm=테스트 상품86, price=10086, stockNumber=186, itemDetail=테스트 상품 상세 설명86, itemSellStatus=SELL, regTime=2023-09-25T12:45:46.091916, updateTime=2023-09-25T12:45:46.091916)
Item(id=87, itemNm=테스트 상품87, price=10087, stockNumber=187, itemDetail=테스트 상품 상세 설명87, itemSellStatus=SELL, regTime=2023-09-25T12:45:46.096925, updateTime=2023-09-25T12:45:46.096925)
Item(id=88, itemNm=테스트 상품88, price=10088, stockNumber=188, itemDetail=테스트 상품 상세 설명88, itemSellStatus=SELL, regTime=2023-09-25T12:45:46.100928, updateTime=2023-09-25T12:45:46.100928)
Item(id=89, itemNm=테스트 상품89, price=10089, stockNumber=189, itemDetail=테스트 상품 상세 설명89, itemSellStatus=SELL, regTime=2023-09-25T12:45:46.104281, updateTime=2023-09-25T12:45:46.105306)
Item(id=98, itemNm=테스트 상품98, price=10098, stockNumber=198, itemDetail=테스트 상품 상세 설명98, itemSellStatus=SELL, regTime=2023-09-25T12:45:46.159068, updateTime=2023-09-25T12:45:46.159068)
]]></system-out>
  <system-err><![CDATA[]]></system-err>
</testsuite>
